<?xml version="1.0" encoding="UTF-8"?>
<testng-results skipped="0" failed="0" total="1" passed="1">
  <reporter-output>
  </reporter-output>
  <suite name="Suite" duration-ms="7859" started-at="2016-07-13T04:38:26Z" finished-at="2016-07-13T04:38:34Z">
    <groups>
    </groups>
    <test name="Test" duration-ms="7859" started-at="2016-07-13T04:38:26Z" finished-at="2016-07-13T04:38:34Z">
      <class name="prm.helloworld">
        <test-method status="PASS" signature="setup()[pri:0, instance:prm.helloworld@7907ec20]" name="setup" is-config="true" duration-ms="7776" started-at="2016-07-12T21:38:26Z" finished-at="2016-07-12T21:38:34Z">
          <reporter-output>
          </reporter-output>
        </test-method> <!-- setup -->
        <test-method status="PASS" signature="testAllLinks()[pri:0, instance:prm.helloworld@7907ec20]" name="testAllLinks" duration-ms="69" started-at="2016-07-12T21:38:34Z" finished-at="2016-07-12T21:38:34Z">
          <reporter-output>
          </reporter-output>
        </test-method> <!-- testAllLinks -->
      </class> <!-- prm.helloworld -->
    </test> <!-- Test -->
  </suite> <!-- Suite -->
</testng-results>
